<?xml version="1.0" encoding="UTF-8"?>
<testsuite name="ru.fintech.qa.hibernate.test.Tests" tests="2" skipped="0" failures="0" errors="0" timestamp="2021-05-03T21:10:18" hostname="SKYNET-KEEPER" time="3.076">
  <properties/>
  <testcase name="insertTest2()" classname="ru.fintech.qa.hibernate.test.Tests" time="3.046"/>
  <testcase name="insertTest()" classname="ru.fintech.qa.hibernate.test.Tests" time="0.029"/>
  <system-out><![CDATA[beforeAll
Hibernate: select count (*) from animal
10
Hibernate: select * from animal where id = 2
Пчелка
]]></system-out>
  <system-err><![CDATA[мая 04, 2021 12:10:18 AM org.hibernate.Version logVersion
INFO: HHH000412: Hibernate Core {5.2.6.Final}
мая 04, 2021 12:10:18 AM org.hibernate.cfg.Environment <clinit>
INFO: HHH000206: hibernate.properties not found
мая 04, 2021 12:10:18 AM org.hibernate.boot.jaxb.internal.stax.LocalXmlResourceResolver resolveEntity
WARN: HHH90000012: Recognized obsolete hibernate namespace http://hibernate.sourceforge.net/hibernate-configuration. Use namespace http://www.hibernate.org/dtd/hibernate-configuration instead.  Support for obsolete DTD/XSD namespaces may be removed at any time.
мая 04, 2021 12:10:19 AM org.hibernate.annotations.common.reflection.java.JavaReflectionManager <clinit>
INFO: HCANN000001: Hibernate Commons Annotations {5.0.1.Final}
мая 04, 2021 12:10:19 AM org.hibernate.engine.jdbc.connections.internal.DriverManagerConnectionProviderImpl configure
WARN: HHH10001002: Using Hibernate built-in connection pool (not for production use!)
мая 04, 2021 12:10:19 AM org.hibernate.engine.jdbc.connections.internal.DriverManagerConnectionProviderImpl buildCreator
INFO: HHH10001005: using driver [org.h2.Driver] at URL [jdbc:h2:mem:myDb;DB_CLOSE_DELAY=-1]
мая 04, 2021 12:10:19 AM org.hibernate.engine.jdbc.connections.internal.DriverManagerConnectionProviderImpl buildCreator
INFO: HHH10001001: Connection properties: {password=****, user=sa}
мая 04, 2021 12:10:19 AM org.hibernate.engine.jdbc.connections.internal.DriverManagerConnectionProviderImpl buildCreator
INFO: HHH10001003: Autocommit mode: false
мая 04, 2021 12:10:19 AM org.hibernate.engine.jdbc.connections.internal.PooledConnections <init>
INFO: HHH000115: Hibernate connection pool size: 20 (min=1)
мая 04, 2021 12:10:19 AM org.hibernate.dialect.Dialect <init>
INFO: HHH000400: Using dialect: org.hibernate.dialect.H2Dialect
]]></system-err>
</testsuite>
